<?xml version="1.0" encoding="UTF-8"?>
<!-- Generated by org.testng.reporters.JUnitXMLReporter -->
<testsuite hostname="DESKTOP-PF1B8SS" ignored="0" name="Default test" tests="3" failures="0" timestamp="20 May 2019 13:21:00 GMT" time="29.822" errors="0">
  <testcase name="nameValidation" time="2.188" classname="grassdorAutomation.CustomersEdit"/>
  <testcase name="phoneValidation" time="2.165" classname="grassdorAutomation.CustomersEdit"/>
  <testcase name="editCustomerFlow" time="5.725" classname="grassdorAutomation.CustomersEdit"/>
</testsuite> <!-- Default test -->
